

Started GET "/" for 127.0.0.1 at 2014-10-22 17:17:49 -0400

ActiveRecord::NoDatabaseError (FATAL:  database "crazy_cat_lady_development" does not exist
Run `$ bin/rake db:create db:migrate` to create your database):
  activerecord (4.1.6) lib/active_record/connection_adapters/postgresql_adapter.rb:898:in `rescue in connect'
  activerecord (4.1.6) lib/active_record/connection_adapters/postgresql_adapter.rb:888:in `connect'
  activerecord (4.1.6) lib/active_record/connection_adapters/postgresql_adapter.rb:568:in `initialize'
  activerecord (4.1.6) lib/active_record/connection_adapters/postgresql_adapter.rb:41:in `new'
  activerecord (4.1.6) lib/active_record/connection_adapters/postgresql_adapter.rb:41:in `postgresql_connection'
  activerecord (4.1.6) lib/active_record/connection_adapters/abstract/connection_pool.rb:435:in `new_connection'
  activerecord (4.1.6) lib/active_record/connection_adapters/abstract/connection_pool.rb:445:in `checkout_new_connection'
  activerecord (4.1.6) lib/active_record/connection_adapters/abstract/connection_pool.rb:416:in `acquire_connection'
  activerecord (4.1.6) lib/active_record/connection_adapters/abstract/connection_pool.rb:351:in `block in checkout'
  /Users/jeffquigley/.rbenv/versions/2.1.2/lib/ruby/2.1.0/monitor.rb:211:in `mon_synchronize'
  activerecord (4.1.6) lib/active_record/connection_adapters/abstract/connection_pool.rb:350:in `checkout'
  activerecord (4.1.6) lib/active_record/connection_adapters/abstract/connection_pool.rb:265:in `block in connection'
  /Users/jeffquigley/.rbenv/versions/2.1.2/lib/ruby/2.1.0/monitor.rb:211:in `mon_synchronize'
  activerecord (4.1.6) lib/active_record/connection_adapters/abstract/connection_pool.rb:264:in `connection'
  activerecord (4.1.6) lib/active_record/connection_adapters/abstract/connection_pool.rb:541:in `retrieve_connection'
  activerecord (4.1.6) lib/active_record/connection_handling.rb:113:in `retrieve_connection'
  activerecord (4.1.6) lib/active_record/connection_handling.rb:87:in `connection'
  activerecord (4.1.6) lib/active_record/migration.rb:388:in `check_pending!'
  activerecord (4.1.6) lib/active_record/migration.rb:377:in `call'
  actionpack (4.1.6) lib/action_dispatch/middleware/callbacks.rb:29:in `block in call'
  activesupport (4.1.6) lib/active_support/callbacks.rb:82:in `run_callbacks'
  actionpack (4.1.6) lib/action_dispatch/middleware/callbacks.rb:27:in `call'
  actionpack (4.1.6) lib/action_dispatch/middleware/reloader.rb:73:in `call'
  actionpack (4.1.6) lib/action_dispatch/middleware/remote_ip.rb:76:in `call'
  actionpack (4.1.6) lib/action_dispatch/middleware/debug_exceptions.rb:17:in `call'
  actionpack (4.1.6) lib/action_dispatch/middleware/show_exceptions.rb:30:in `call'
  railties (4.1.6) lib/rails/rack/logger.rb:38:in `call_app'
  railties (4.1.6) lib/rails/rack/logger.rb:20:in `block in call'
  activesupport (4.1.6) lib/active_support/tagged_logging.rb:68:in `block in tagged'
  activesupport (4.1.6) lib/active_support/tagged_logging.rb:26:in `tagged'
  activesupport (4.1.6) lib/active_support/tagged_logging.rb:68:in `tagged'
  railties (4.1.6) lib/rails/rack/logger.rb:20:in `call'
  actionpack (4.1.6) lib/action_dispatch/middleware/request_id.rb:21:in `call'
  rack (1.5.2) lib/rack/methodoverride.rb:21:in `call'
  rack (1.5.2) lib/rack/runtime.rb:17:in `call'
  activesupport (4.1.6) lib/active_support/cache/strategy/local_cache_middleware.rb:26:in `call'
  rack (1.5.2) lib/rack/lock.rb:17:in `call'
  actionpack (4.1.6) lib/action_dispatch/middleware/static.rb:64:in `call'
  rack (1.5.2) lib/rack/sendfile.rb:112:in `call'
  railties (4.1.6) lib/rails/engine.rb:514:in `call'
  railties (4.1.6) lib/rails/application.rb:144:in `call'
  rack (1.5.2) lib/rack/lock.rb:17:in `call'
  rack (1.5.2) lib/rack/content_length.rb:14:in `call'
  rack (1.5.2) lib/rack/handler/webrick.rb:60:in `service'
  /Users/jeffquigley/.rbenv/versions/2.1.2/lib/ruby/2.1.0/webrick/httpserver.rb:138:in `service'
  /Users/jeffquigley/.rbenv/versions/2.1.2/lib/ruby/2.1.0/webrick/httpserver.rb:94:in `run'
  /Users/jeffquigley/.rbenv/versions/2.1.2/lib/ruby/2.1.0/webrick/server.rb:295:in `block in start_thread'


  Rendered /Users/jeffquigley/.rbenv/versions/2.1.2/lib/ruby/gems/2.1.0/gems/actionpack-4.1.6/lib/action_dispatch/middleware/templates/rescues/_source.erb (0.6ms)
  Rendered /Users/jeffquigley/.rbenv/versions/2.1.2/lib/ruby/gems/2.1.0/gems/actionpack-4.1.6/lib/action_dispatch/middleware/templates/rescues/_trace.html.erb (1.1ms)
  Rendered /Users/jeffquigley/.rbenv/versions/2.1.2/lib/ruby/gems/2.1.0/gems/actionpack-4.1.6/lib/action_dispatch/middleware/templates/rescues/_request_and_response.html.erb (1.1ms)
  Rendered /Users/jeffquigley/.rbenv/versions/2.1.2/lib/ruby/gems/2.1.0/gems/actionpack-4.1.6/lib/action_dispatch/middleware/templates/rescues/diagnostics.erb within rescues/layout (24.4ms)


Started GET "/" for 127.0.0.1 at 2014-10-22 17:17:50 -0400

ActiveRecord::NoDatabaseError (FATAL:  database "crazy_cat_lady_development" does not exist
Run `$ bin/rake db:create db:migrate` to create your database):
  activerecord (4.1.6) lib/active_record/connection_adapters/postgresql_adapter.rb:898:in `rescue in connect'
  activerecord (4.1.6) lib/active_record/connection_adapters/postgresql_adapter.rb:888:in `connect'
  activerecord (4.1.6) lib/active_record/connection_adapters/postgresql_adapter.rb:568:in `initialize'
  activerecord (4.1.6) lib/active_record/connection_adapters/postgresql_adapter.rb:41:in `new'
  activerecord (4.1.6) lib/active_record/connection_adapters/postgresql_adapter.rb:41:in `postgresql_connection'
  activerecord (4.1.6) lib/active_record/connection_adapters/abstract/connection_pool.rb:435:in `new_connection'
  activerecord (4.1.6) lib/active_record/connection_adapters/abstract/connection_pool.rb:445:in `checkout_new_connection'
  activerecord (4.1.6) lib/active_record/connection_adapters/abstract/connection_pool.rb:416:in `acquire_connection'
  activerecord (4.1.6) lib/active_record/connection_adapters/abstract/connection_pool.rb:351:in `block in checkout'
  /Users/jeffquigley/.rbenv/versions/2.1.2/lib/ruby/2.1.0/monitor.rb:211:in `mon_synchronize'
  activerecord (4.1.6) lib/active_record/connection_adapters/abstract/connection_pool.rb:350:in `checkout'
  activerecord (4.1.6) lib/active_record/connection_adapters/abstract/connection_pool.rb:265:in `block in connection'
  /Users/jeffquigley/.rbenv/versions/2.1.2/lib/ruby/2.1.0/monitor.rb:211:in `mon_synchronize'
  activerecord (4.1.6) lib/active_record/connection_adapters/abstract/connection_pool.rb:264:in `connection'
  activerecord (4.1.6) lib/active_record/connection_adapters/abstract/connection_pool.rb:541:in `retrieve_connection'
  activerecord (4.1.6) lib/active_record/connection_handling.rb:113:in `retrieve_connection'
  activerecord (4.1.6) lib/active_record/connection_handling.rb:87:in `connection'
  activerecord (4.1.6) lib/active_record/migration.rb:388:in `check_pending!'
  activerecord (4.1.6) lib/active_record/migration.rb:377:in `call'
  actionpack (4.1.6) lib/action_dispatch/middleware/callbacks.rb:29:in `block in call'
  activesupport (4.1.6) lib/active_support/callbacks.rb:82:in `run_callbacks'
  actionpack (4.1.6) lib/action_dispatch/middleware/callbacks.rb:27:in `call'
  actionpack (4.1.6) lib/action_dispatch/middleware/reloader.rb:73:in `call'
  actionpack (4.1.6) lib/action_dispatch/middleware/remote_ip.rb:76:in `call'
  actionpack (4.1.6) lib/action_dispatch/middleware/debug_exceptions.rb:17:in `call'
  actionpack (4.1.6) lib/action_dispatch/middleware/show_exceptions.rb:30:in `call'
  railties (4.1.6) lib/rails/rack/logger.rb:38:in `call_app'
  railties (4.1.6) lib/rails/rack/logger.rb:20:in `block in call'
  activesupport (4.1.6) lib/active_support/tagged_logging.rb:68:in `block in tagged'
  activesupport (4.1.6) lib/active_support/tagged_logging.rb:26:in `tagged'
  activesupport (4.1.6) lib/active_support/tagged_logging.rb:68:in `tagged'
  railties (4.1.6) lib/rails/rack/logger.rb:20:in `call'
  actionpack (4.1.6) lib/action_dispatch/middleware/request_id.rb:21:in `call'
  rack (1.5.2) lib/rack/methodoverride.rb:21:in `call'
  rack (1.5.2) lib/rack/runtime.rb:17:in `call'
  activesupport (4.1.6) lib/active_support/cache/strategy/local_cache_middleware.rb:26:in `call'
  rack (1.5.2) lib/rack/lock.rb:17:in `call'
  actionpack (4.1.6) lib/action_dispatch/middleware/static.rb:64:in `call'
  rack (1.5.2) lib/rack/sendfile.rb:112:in `call'
  railties (4.1.6) lib/rails/engine.rb:514:in `call'
  railties (4.1.6) lib/rails/application.rb:144:in `call'
  rack (1.5.2) lib/rack/lock.rb:17:in `call'
  rack (1.5.2) lib/rack/content_length.rb:14:in `call'
  rack (1.5.2) lib/rack/handler/webrick.rb:60:in `service'
  /Users/jeffquigley/.rbenv/versions/2.1.2/lib/ruby/2.1.0/webrick/httpserver.rb:138:in `service'
  /Users/jeffquigley/.rbenv/versions/2.1.2/lib/ruby/2.1.0/webrick/httpserver.rb:94:in `run'
  /Users/jeffquigley/.rbenv/versions/2.1.2/lib/ruby/2.1.0/webrick/server.rb:295:in `block in start_thread'


  Rendered /Users/jeffquigley/.rbenv/versions/2.1.2/lib/ruby/gems/2.1.0/gems/actionpack-4.1.6/lib/action_dispatch/middleware/templates/rescues/_source.erb (0.9ms)
  Rendered /Users/jeffquigley/.rbenv/versions/2.1.2/lib/ruby/gems/2.1.0/gems/actionpack-4.1.6/lib/action_dispatch/middleware/templates/rescues/_trace.html.erb (1.2ms)
  Rendered /Users/jeffquigley/.rbenv/versions/2.1.2/lib/ruby/gems/2.1.0/gems/actionpack-4.1.6/lib/action_dispatch/middleware/templates/rescues/_request_and_response.html.erb (0.8ms)
  Rendered /Users/jeffquigley/.rbenv/versions/2.1.2/lib/ruby/gems/2.1.0/gems/actionpack-4.1.6/lib/action_dispatch/middleware/templates/rescues/diagnostics.erb within rescues/layout (19.0ms)
  [1m[36m (28.4ms)[0m  [1mCREATE TABLE "schema_migrations" ("version" character varying(255) NOT NULL) [0m
  [1m[35m (1.7ms)[0m  CREATE UNIQUE INDEX  "unique_schema_migrations" ON "schema_migrations"  ("version")
  [1m[36mActiveRecord::SchemaMigration Load (0.4ms)[0m  [1mSELECT "schema_migrations".* FROM "schema_migrations"[0m
Migrating to CreateCats (20141010191804)
  [1m[35m (0.3ms)[0m  BEGIN
  [1m[36m (37.1ms)[0m  [1mCREATE TABLE "cats" ("id" serial primary key, "name" character varying(255), "trait" text, "gender" character varying(255), "created_at" timestamp, "updated_at" timestamp) [0m
  [1m[35mSQL (6.2ms)[0m  INSERT INTO "schema_migrations" ("version") VALUES ($1)  [["version", "20141010191804"]]
  [1m[36m (6.5ms)[0m  [1mCOMMIT[0m
  [1m[35mActiveRecord::SchemaMigration Load (0.5ms)[0m  SELECT "schema_migrations".* FROM "schema_migrations"


Started GET "/" for 127.0.0.1 at 2014-10-22 17:18:36 -0400
  [1m[36mActiveRecord::SchemaMigration Load (0.6ms)[0m  [1mSELECT "schema_migrations".* FROM "schema_migrations"[0m
Processing by Rails::WelcomeController#index as HTML
  Rendered /Users/jeffquigley/.rbenv/versions/2.1.2/lib/ruby/gems/2.1.0/gems/railties-4.1.6/lib/rails/templates/rails/welcome/index.html.erb (0.7ms)
Completed 200 OK in 11ms (Views: 1.9ms | ActiveRecord: 0.0ms)


Started GET "/home" for 127.0.0.1 at 2014-10-22 17:18:46 -0400

ActionController::RoutingError (No route matches [GET] "/home"):
  actionpack (4.1.6) lib/action_dispatch/middleware/debug_exceptions.rb:21:in `call'
  actionpack (4.1.6) lib/action_dispatch/middleware/show_exceptions.rb:30:in `call'
  railties (4.1.6) lib/rails/rack/logger.rb:38:in `call_app'
  railties (4.1.6) lib/rails/rack/logger.rb:20:in `block in call'
  activesupport (4.1.6) lib/active_support/tagged_logging.rb:68:in `block in tagged'
  activesupport (4.1.6) lib/active_support/tagged_logging.rb:26:in `tagged'
  activesupport (4.1.6) lib/active_support/tagged_logging.rb:68:in `tagged'
  railties (4.1.6) lib/rails/rack/logger.rb:20:in `call'
  actionpack (4.1.6) lib/action_dispatch/middleware/request_id.rb:21:in `call'
  rack (1.5.2) lib/rack/methodoverride.rb:21:in `call'
  rack (1.5.2) lib/rack/runtime.rb:17:in `call'
  activesupport (4.1.6) lib/active_support/cache/strategy/local_cache_middleware.rb:26:in `call'
  rack (1.5.2) lib/rack/lock.rb:17:in `call'
  actionpack (4.1.6) lib/action_dispatch/middleware/static.rb:64:in `call'
  rack (1.5.2) lib/rack/sendfile.rb:112:in `call'
  railties (4.1.6) lib/rails/engine.rb:514:in `call'
  railties (4.1.6) lib/rails/application.rb:144:in `call'
  rack (1.5.2) lib/rack/lock.rb:17:in `call'
  rack (1.5.2) lib/rack/content_length.rb:14:in `call'
  rack (1.5.2) lib/rack/handler/webrick.rb:60:in `service'
  /Users/jeffquigley/.rbenv/versions/2.1.2/lib/ruby/2.1.0/webrick/httpserver.rb:138:in `service'
  /Users/jeffquigley/.rbenv/versions/2.1.2/lib/ruby/2.1.0/webrick/httpserver.rb:94:in `run'
  /Users/jeffquigley/.rbenv/versions/2.1.2/lib/ruby/2.1.0/webrick/server.rb:295:in `block in start_thread'


  Rendered /Users/jeffquigley/.rbenv/versions/2.1.2/lib/ruby/gems/2.1.0/gems/actionpack-4.1.6/lib/action_dispatch/middleware/templates/rescues/_trace.html.erb (1.1ms)
  Rendered /Users/jeffquigley/.rbenv/versions/2.1.2/lib/ruby/gems/2.1.0/gems/actionpack-4.1.6/lib/action_dispatch/middleware/templates/routes/_route.html.erb (1.0ms)
  Rendered /Users/jeffquigley/.rbenv/versions/2.1.2/lib/ruby/gems/2.1.0/gems/actionpack-4.1.6/lib/action_dispatch/middleware/templates/routes/_table.html.erb (8.1ms)
  Rendered /Users/jeffquigley/.rbenv/versions/2.1.2/lib/ruby/gems/2.1.0/gems/actionpack-4.1.6/lib/action_dispatch/middleware/templates/rescues/routing_error.html.erb within rescues/layout (34.0ms)


Started GET "/index" for 127.0.0.1 at 2014-10-22 17:18:56 -0400

ActionController::RoutingError (No route matches [GET] "/index"):
  actionpack (4.1.6) lib/action_dispatch/middleware/debug_exceptions.rb:21:in `call'
  actionpack (4.1.6) lib/action_dispatch/middleware/show_exceptions.rb:30:in `call'
  railties (4.1.6) lib/rails/rack/logger.rb:38:in `call_app'
  railties (4.1.6) lib/rails/rack/logger.rb:20:in `block in call'
  activesupport (4.1.6) lib/active_support/tagged_logging.rb:68:in `block in tagged'
  activesupport (4.1.6) lib/active_support/tagged_logging.rb:26:in `tagged'
  activesupport (4.1.6) lib/active_support/tagged_logging.rb:68:in `tagged'
  railties (4.1.6) lib/rails/rack/logger.rb:20:in `call'
  actionpack (4.1.6) lib/action_dispatch/middleware/request_id.rb:21:in `call'
  rack (1.5.2) lib/rack/methodoverride.rb:21:in `call'
  rack (1.5.2) lib/rack/runtime.rb:17:in `call'
  activesupport (4.1.6) lib/active_support/cache/strategy/local_cache_middleware.rb:26:in `call'
  rack (1.5.2) lib/rack/lock.rb:17:in `call'
  actionpack (4.1.6) lib/action_dispatch/middleware/static.rb:64:in `call'
  rack (1.5.2) lib/rack/sendfile.rb:112:in `call'
  railties (4.1.6) lib/rails/engine.rb:514:in `call'
  railties (4.1.6) lib/rails/application.rb:144:in `call'
  rack (1.5.2) lib/rack/lock.rb:17:in `call'
  rack (1.5.2) lib/rack/content_length.rb:14:in `call'
  rack (1.5.2) lib/rack/handler/webrick.rb:60:in `service'
  /Users/jeffquigley/.rbenv/versions/2.1.2/lib/ruby/2.1.0/webrick/httpserver.rb:138:in `service'
  /Users/jeffquigley/.rbenv/versions/2.1.2/lib/ruby/2.1.0/webrick/httpserver.rb:94:in `run'
  /Users/jeffquigley/.rbenv/versions/2.1.2/lib/ruby/2.1.0/webrick/server.rb:295:in `block in start_thread'


  Rendered /Users/jeffquigley/.rbenv/versions/2.1.2/lib/ruby/gems/2.1.0/gems/actionpack-4.1.6/lib/action_dispatch/middleware/templates/rescues/_trace.html.erb (1.0ms)
  Rendered /Users/jeffquigley/.rbenv/versions/2.1.2/lib/ruby/gems/2.1.0/gems/actionpack-4.1.6/lib/action_dispatch/middleware/templates/routes/_route.html.erb (1.0ms)
  Rendered /Users/jeffquigley/.rbenv/versions/2.1.2/lib/ruby/gems/2.1.0/gems/actionpack-4.1.6/lib/action_dispatch/middleware/templates/routes/_table.html.erb (0.9ms)
  Rendered /Users/jeffquigley/.rbenv/versions/2.1.2/lib/ruby/gems/2.1.0/gems/actionpack-4.1.6/lib/action_dispatch/middleware/templates/rescues/routing_error.html.erb within rescues/layout (17.6ms)


Started GET "/home" for 127.0.0.1 at 2014-10-22 17:19:02 -0400

ActionController::RoutingError (No route matches [GET] "/home"):
  actionpack (4.1.6) lib/action_dispatch/middleware/debug_exceptions.rb:21:in `call'
  actionpack (4.1.6) lib/action_dispatch/middleware/show_exceptions.rb:30:in `call'
  railties (4.1.6) lib/rails/rack/logger.rb:38:in `call_app'
  railties (4.1.6) lib/rails/rack/logger.rb:20:in `block in call'
  activesupport (4.1.6) lib/active_support/tagged_logging.rb:68:in `block in tagged'
  activesupport (4.1.6) lib/active_support/tagged_logging.rb:26:in `tagged'
  activesupport (4.1.6) lib/active_support/tagged_logging.rb:68:in `tagged'
  railties (4.1.6) lib/rails/rack/logger.rb:20:in `call'
  actionpack (4.1.6) lib/action_dispatch/middleware/request_id.rb:21:in `call'
  rack (1.5.2) lib/rack/methodoverride.rb:21:in `call'
  rack (1.5.2) lib/rack/runtime.rb:17:in `call'
  activesupport (4.1.6) lib/active_support/cache/strategy/local_cache_middleware.rb:26:in `call'
  rack (1.5.2) lib/rack/lock.rb:17:in `call'
  actionpack (4.1.6) lib/action_dispatch/middleware/static.rb:64:in `call'
  rack (1.5.2) lib/rack/sendfile.rb:112:in `call'
  railties (4.1.6) lib/rails/engine.rb:514:in `call'
  railties (4.1.6) lib/rails/application.rb:144:in `call'
  rack (1.5.2) lib/rack/lock.rb:17:in `call'
  rack (1.5.2) lib/rack/content_length.rb:14:in `call'
  rack (1.5.2) lib/rack/handler/webrick.rb:60:in `service'
  /Users/jeffquigley/.rbenv/versions/2.1.2/lib/ruby/2.1.0/webrick/httpserver.rb:138:in `service'
  /Users/jeffquigley/.rbenv/versions/2.1.2/lib/ruby/2.1.0/webrick/httpserver.rb:94:in `run'
  /Users/jeffquigley/.rbenv/versions/2.1.2/lib/ruby/2.1.0/webrick/server.rb:295:in `block in start_thread'


  Rendered /Users/jeffquigley/.rbenv/versions/2.1.2/lib/ruby/gems/2.1.0/gems/actionpack-4.1.6/lib/action_dispatch/middleware/templates/rescues/_trace.html.erb (0.9ms)
  Rendered /Users/jeffquigley/.rbenv/versions/2.1.2/lib/ruby/gems/2.1.0/gems/actionpack-4.1.6/lib/action_dispatch/middleware/templates/routes/_route.html.erb (1.0ms)
  Rendered /Users/jeffquigley/.rbenv/versions/2.1.2/lib/ruby/gems/2.1.0/gems/actionpack-4.1.6/lib/action_dispatch/middleware/templates/routes/_table.html.erb (0.9ms)
  Rendered /Users/jeffquigley/.rbenv/versions/2.1.2/lib/ruby/gems/2.1.0/gems/actionpack-4.1.6/lib/action_dispatch/middleware/templates/rescues/routing_error.html.erb within rescues/layout (17.0ms)


Started GET "/cats" for 127.0.0.1 at 2014-10-22 17:19:16 -0400
Processing by CatsController#index as HTML
  [1m[35mCat Load (0.8ms)[0m  SELECT "cats".* FROM "cats"
  Rendered cats/index.html.erb within layouts/application (2.2ms)
  Rendered layouts/_navigation.html.erb (0.5ms)
Completed 200 OK in 2806ms (Views: 2803.1ms | ActiveRecord: 0.8ms)


Started GET "/assets/twitter-bootstrap-static/bootstrap.css?body=1" for 127.0.0.1 at 2014-10-22 17:19:19 -0400


Started GET "/assets/bootstrap_and_overrides.css?body=1" for 127.0.0.1 at 2014-10-22 17:19:19 -0400


Started GET "/assets/application.css?body=1" for 127.0.0.1 at 2014-10-22 17:19:19 -0400


Started GET "/assets/twitter-bootstrap-static/fontawesome.css?body=1" for 127.0.0.1 at 2014-10-22 17:19:19 -0400


Started GET "/assets/jquery.js?body=1" for 127.0.0.1 at 2014-10-22 17:19:19 -0400


Started GET "/assets/style.css?body=1" for 127.0.0.1 at 2014-10-22 17:19:19 -0400


Started GET "/assets/jquery_ujs.js?body=1" for 127.0.0.1 at 2014-10-22 17:19:19 -0400


Started GET "/assets/twitter/bootstrap/transition.js?body=1" for 127.0.0.1 at 2014-10-22 17:19:19 -0400


Started GET "/assets/twitter/bootstrap/alert.js?body=1" for 127.0.0.1 at 2014-10-22 17:19:19 -0400


Started GET "/assets/twitter/bootstrap/modal.js?body=1" for 127.0.0.1 at 2014-10-22 17:19:19 -0400


Started GET "/assets/twitter/bootstrap/dropdown.js?body=1" for 127.0.0.1 at 2014-10-22 17:19:19 -0400


Started GET "/assets/twitter/bootstrap/scrollspy.js?body=1" for 127.0.0.1 at 2014-10-22 17:19:19 -0400


Started GET "/assets/twitter/bootstrap/tooltip.js?body=1" for 127.0.0.1 at 2014-10-22 17:19:19 -0400


Started GET "/assets/twitter/bootstrap/tab.js?body=1" for 127.0.0.1 at 2014-10-22 17:19:19 -0400


Started GET "/assets/twitter/bootstrap/popover.js?body=1" for 127.0.0.1 at 2014-10-22 17:19:19 -0400


Started GET "/assets/twitter/bootstrap/button.js?body=1" for 127.0.0.1 at 2014-10-22 17:19:19 -0400


Started GET "/assets/twitter/bootstrap/collapse.js?body=1" for 127.0.0.1 at 2014-10-22 17:19:19 -0400


Started GET "/assets/twitter/bootstrap/carousel.js?body=1" for 127.0.0.1 at 2014-10-22 17:19:19 -0400


Started GET "/assets/twitter/bootstrap/affix.js?body=1" for 127.0.0.1 at 2014-10-22 17:19:19 -0400


Started GET "/assets/twitter/bootstrap.js?body=1" for 127.0.0.1 at 2014-10-22 17:19:19 -0400


Started GET "/assets/turbolinks.js?body=1" for 127.0.0.1 at 2014-10-22 17:19:19 -0400


Started GET "/assets/bootstrap.js?body=1" for 127.0.0.1 at 2014-10-22 17:19:19 -0400


Started GET "/assets/bootstrap/affix.js?body=1" for 127.0.0.1 at 2014-10-22 17:19:19 -0400


Started GET "/assets/bootstrap/alert.js?body=1" for 127.0.0.1 at 2014-10-22 17:19:19 -0400


Started GET "/assets/bootstrap/button.js?body=1" for 127.0.0.1 at 2014-10-22 17:19:19 -0400


Started GET "/assets/bootstrap/carousel.js?body=1" for 127.0.0.1 at 2014-10-22 17:19:19 -0400


Started GET "/assets/bootstrap/transition.js?body=1" for 127.0.0.1 at 2014-10-22 17:19:19 -0400


Started GET "/assets/bootstrap/dropdown.js?body=1" for 127.0.0.1 at 2014-10-22 17:19:19 -0400


Started GET "/assets/bootstrap/collapse.js?body=1" for 127.0.0.1 at 2014-10-22 17:19:19 -0400


Started GET "/assets/bootstrap/tab.js?body=1" for 127.0.0.1 at 2014-10-22 17:19:19 -0400


Started GET "/assets/bootstrap/modal.js?body=1" for 127.0.0.1 at 2014-10-22 17:19:19 -0400


Started GET "/assets/bootstrap/scrollspy.js?body=1" for 127.0.0.1 at 2014-10-22 17:19:19 -0400


Started GET "/assets/bootstrap/tooltip.js?body=1" for 127.0.0.1 at 2014-10-22 17:19:19 -0400


Started GET "/assets/bootstrap-sprockets.js?body=1" for 127.0.0.1 at 2014-10-22 17:19:19 -0400


Started GET "/assets/application.js?body=1" for 127.0.0.1 at 2014-10-22 17:19:19 -0400


Started GET "/assets/bootstrap/popover.js?body=1" for 127.0.0.1 at 2014-10-22 17:19:19 -0400


Started GET "/cats/new" for 127.0.0.1 at 2014-10-22 17:19:27 -0400
Processing by CatsController#new as HTML
  Rendered cats/_form.html.erb (31.3ms)
  Rendered cats/new.html.erb within layouts/application (32.8ms)
  Rendered layouts/_navigation.html.erb (0.4ms)
Completed 200 OK in 213ms (Views: 207.8ms | ActiveRecord: 3.0ms)


Started POST "/cats" for 127.0.0.1 at 2014-10-22 17:20:18 -0400
Processing by CatsController#create as HTML
  Parameters: {"utf8"=>"✓", "authenticity_token"=>"h5ub25bZZVY/8wDasd0TY3M/x08X/YU5RCFEj3NQZvk=", "cat"=>{"name"=>"Blondie", "trait"=>"Stares in the mirror and faints"}, "commit"=>"Submit"}
  [1m[36m (0.3ms)[0m  [1mBEGIN[0m
  [1m[35mSQL (6.0ms)[0m  INSERT INTO "cats" ("created_at", "name", "trait", "updated_at") VALUES ($1, $2, $3, $4) RETURNING "id"  [["created_at", "2014-10-22 21:20:18.246118"], ["name", "Blondie"], ["trait", "Stares in the mirror and faints"], ["updated_at", "2014-10-22 21:20:18.246118"]]
  [1m[36m (6.6ms)[0m  [1mCOMMIT[0m
Redirected to http://localhost:3000/cats/1
Completed 302 Found in 22ms (ActiveRecord: 13.3ms)


Started GET "/cats/1" for 127.0.0.1 at 2014-10-22 17:20:18 -0400
Processing by CatsController#show as HTML
  Parameters: {"id"=>"1"}
  [1m[35mCat Load (0.8ms)[0m  SELECT  "cats".* FROM "cats"  WHERE "cats"."id" = $1 LIMIT 1  [["id", 1]]
  Rendered cats/show.html.erb within layouts/application (0.9ms)
  Rendered layouts/_navigation.html.erb (0.0ms)
Completed 200 OK in 189ms (Views: 185.8ms | ActiveRecord: 0.8ms)


Started GET "/assets/twitter-bootstrap-static/fontawesome.css?body=1" for 127.0.0.1 at 2014-10-22 17:20:18 -0400


Started GET "/assets/bootstrap_and_overrides.css?body=1" for 127.0.0.1 at 2014-10-22 17:20:18 -0400


Started GET "/assets/twitter/bootstrap/dropdown.js?body=1" for 127.0.0.1 at 2014-10-22 17:20:18 -0400


Started GET "/assets/twitter/bootstrap/scrollspy.js?body=1" for 127.0.0.1 at 2014-10-22 17:20:18 -0400


Started GET "/assets/twitter/bootstrap/transition.js?body=1" for 127.0.0.1 at 2014-10-22 17:20:18 -0400


Started GET "/assets/twitter/bootstrap/modal.js?body=1" for 127.0.0.1 at 2014-10-22 17:20:18 -0400


Started GET "/assets/twitter/bootstrap/alert.js?body=1" for 127.0.0.1 at 2014-10-22 17:20:18 -0400


Started GET "/assets/twitter/bootstrap/tab.js?body=1" for 127.0.0.1 at 2014-10-22 17:20:18 -0400


Started GET "/assets/twitter/bootstrap/tooltip.js?body=1" for 127.0.0.1 at 2014-10-22 17:20:18 -0400


Started GET "/assets/twitter/bootstrap/popover.js?body=1" for 127.0.0.1 at 2014-10-22 17:20:18 -0400


Started GET "/assets/twitter/bootstrap/button.js?body=1" for 127.0.0.1 at 2014-10-22 17:20:18 -0400


Started GET "/assets/twitter/bootstrap/collapse.js?body=1" for 127.0.0.1 at 2014-10-22 17:20:18 -0400


Started GET "/assets/twitter/bootstrap/carousel.js?body=1" for 127.0.0.1 at 2014-10-22 17:20:18 -0400


Started GET "/assets/twitter/bootstrap/affix.js?body=1" for 127.0.0.1 at 2014-10-22 17:20:18 -0400


Started GET "/assets/twitter/bootstrap.js?body=1" for 127.0.0.1 at 2014-10-22 17:20:18 -0400


Started GET "/assets/bootstrap.js?body=1" for 127.0.0.1 at 2014-10-22 17:20:18 -0400


Started GET "/assets/bootstrap/affix.js?body=1" for 127.0.0.1 at 2014-10-22 17:20:18 -0400


Started GET "/assets/bootstrap/alert.js?body=1" for 127.0.0.1 at 2014-10-22 17:20:18 -0400


Started GET "/assets/bootstrap/button.js?body=1" for 127.0.0.1 at 2014-10-22 17:20:18 -0400


Started GET "/assets/bootstrap/carousel.js?body=1" for 127.0.0.1 at 2014-10-22 17:20:18 -0400


Started GET "/assets/bootstrap/collapse.js?body=1" for 127.0.0.1 at 2014-10-22 17:20:18 -0400


Started GET "/assets/bootstrap/dropdown.js?body=1" for 127.0.0.1 at 2014-10-22 17:20:18 -0400


Started GET "/assets/bootstrap/tab.js?body=1" for 127.0.0.1 at 2014-10-22 17:20:18 -0400


Started GET "/assets/bootstrap/transition.js?body=1" for 127.0.0.1 at 2014-10-22 17:20:18 -0400


Started GET "/assets/bootstrap/scrollspy.js?body=1" for 127.0.0.1 at 2014-10-22 17:20:18 -0400


Started GET "/assets/bootstrap/modal.js?body=1" for 127.0.0.1 at 2014-10-22 17:20:18 -0400


Started GET "/assets/bootstrap/tooltip.js?body=1" for 127.0.0.1 at 2014-10-22 17:20:18 -0400


Started GET "/assets/bootstrap/popover.js?body=1" for 127.0.0.1 at 2014-10-22 17:20:18 -0400


Started GET "/assets/bootstrap-sprockets.js?body=1" for 127.0.0.1 at 2014-10-22 17:20:18 -0400


Started GET "/cats" for 127.0.0.1 at 2014-10-22 17:20:21 -0400
Processing by CatsController#index as HTML
  [1m[36mCat Load (0.4ms)[0m  [1mSELECT "cats".* FROM "cats"[0m
  Rendered cats/index.html.erb within layouts/application (1.9ms)
  Rendered layouts/_navigation.html.erb (0.0ms)
Completed 200 OK in 177ms (Views: 175.8ms | ActiveRecord: 0.4ms)
